#-----------------------------------------------------------
# Vivado v2016.2 (64-bit)
# SW Build 1577090 on Thu Jun  2 16:32:40 MDT 2016
# IP Build 1577682 on Fri Jun  3 12:00:54 MDT 2016
# Start of session at: Tue Mar 06 17:45:27 2018
# Process ID: 4796
# Current directory: C:/Users/Bschnedar/Downloads/alu_128bit (1)/alu_128bit
# Command line: vivado.exe -gui_launcher_event rodinguilauncherevent2332 C:\Users\Bschnedar\Downloads\alu_128bit (1)\alu_128bit\alu_128bit.xpr
# Log file: C:/Users/Bschnedar/Downloads/alu_128bit (1)/alu_128bit/vivado.log
# Journal file: C:/Users/Bschnedar/Downloads/alu_128bit (1)/alu_128bit\vivado.jou
#-----------------------------------------------------------
start_gui
open_project {C:/Users/Bschnedar/Downloads/alu_128bit (1)/alu_128bit/alu_128bit.xpr}
Scanning sources...
Finished scanning sources
INFO: [IP_Flow 19-234] Refreshing IP repositories
INFO: [IP_Flow 19-1704] No user IP repositories specified
INFO: [IP_Flow 19-2313] Loaded Vivado IP repository 'D:/xilinx/Vivado/2016.2/data/ip'.
INFO: [Common 17-41] Interrupt caught. Command should exit soon.
INFO: [Common 17-344] 'set_property' was cancelled
INFO: [Common 17-344] 'set_property' was cancelled
INFO: [Common 17-344] 'open_project' was cancelled
update_compile_order -fileset sources_1
exit
INFO: [Common 17-206] Exiting Vivado at Tue Mar 06 17:46:36 2018...
