Unable to capture context for thread 8980 in process 9084, can not generate back trace
Exception at PC 0x00007FFAB4F87788
Unable to capture context for thread 11508 in process 9084, can not generate back trace
Unable to capture context for thread 8980 in process 9084, can not generate back trace
Exception at PC 0x00007FFA5264BB93
Printing stacktrace...

Unable to capture context for thread 9800 in process 9084, can not generate back trace
Unable to capture context for thread 11508 in process 9084, can not generate back trace
Exception at PC 0x00007FFAB4F87788
Exception at PC 0x00007FFAB4F87788
Exception at PC 0x00007FFAB4F87788
Exception at PC 0x00007FFAB4F87788
Exception at PC 0x00007FFAB4F87788
Exception at PC 0x00007FFAB4F87788
Exception at PC 0x00007FFAB4F87788
Exception at PC 0x00007FFAB4F87788
Exception at PC 0x00007FFAB4F87788
Exception at PC 0x00007FFAB4F87788
Exception at PC 0x00007FFAB4F87788
Exception at PC 0x00007FFAB4F87788
Exception at PC 0x00007FFAB4F87788
Exception at PC 0x00007FFAB4F87788
Exception at PC 0x00007FFAB4F87788
Exception at PC 0x00007FFAB4F87788
Exception at PC 0x00007FFAB4F87788
[0]  [0x00007FFA5264BB93]
[1]  [0x00007FFA5264BB93]
[2]  [0x00007FFA5264B4A1]
[3]  [0x00007FFA5264B3EF]
[4]  [0x00007FFA526319FE]
[5]  [0x00007FFA52630ED1]
[6]  [0x00007FFA52630D76]
[7]  [0x00007FFA525D79F6]
[8]  [0x00007FFA525C7AFB]
[9]  [0x00007FFA526EE90A]
[10]  [0x00007FFA52709F87]
[11]  [0x00007FFA5270A05F]
[12] (BaseThreadInitThunk+0x14) [0x00007FFAB7CA8364]
[13] (RtlUserThreadStart+0x21) [0x00007FFAB8345E91]
Done
